mode: set
_/home/arriven/programming/go/course_work/main.go:21.26,24.16 3 1
_/home/arriven/programming/go/course_work/main.go:24.16,27.3 2 0
_/home/arriven/programming/go/course_work/main.go:30.25,34.16 2 1
_/home/arriven/programming/go/course_work/main.go:38.2,42.16 5 1
_/home/arriven/programming/go/course_work/main.go:46.2,47.17 2 1
_/home/arriven/programming/go/course_work/main.go:51.2,52.18 2 1
_/home/arriven/programming/go/course_work/main.go:34.16,37.3 2 0
_/home/arriven/programming/go/course_work/main.go:42.16,45.3 2 0
_/home/arriven/programming/go/course_work/main.go:47.17,50.3 2 0
_/home/arriven/programming/go/course_work/main.go:52.18,55.17 3 1
_/home/arriven/programming/go/course_work/main.go:59.3,59.19 1 1
_/home/arriven/programming/go/course_work/main.go:55.17,58.4 2 0
_/home/arriven/programming/go/course_work/main.go:63.13,67.16 3 1
_/home/arriven/programming/go/course_work/main.go:70.2,71.12 2 1
_/home/arriven/programming/go/course_work/main.go:67.16,69.3 1 0
